<?xml version="1.0" encoding="utf-8"?><testsuites name="pytest tests"><testsuite name="pytest" errors="0" failures="0" skipped="1" tests="15" time="3.630" timestamp="2026-04-15T02:43:17.944112+00:00" hostname="agent-env-0b8d2932-6627-4df2-ad7e-07967b5324b4"><testcase classname="backend.tests.test_refactor_regression.TestAuth" name="test_crew_login" time="0.410" /><testcase classname="backend.tests.test_refactor_regression.TestAuth" name="test_contractor_login" time="0.344" /><testcase classname="backend.tests.test_refactor_regression.TestAuth" name="test_admin_login" time="0.387" /><testcase classname="backend.tests.test_refactor_regression.TestAuth" name="test_invalid_login" time="0.106" /><testcase classname="backend.tests.test_refactor_regression.TestJobs" name="test_get_jobs_list" time="0.603" /><testcase classname="backend.tests.test_refactor_regression.TestJobs" name="test_get_jobs_contractor" time="0.502" /><testcase classname="backend.tests.test_refactor_regression.TestOffers" name="test_get_offers" time="0.116" /><testcase classname="backend.tests.test_refactor_regression.TestOffers" name="test_get_offers_contractor" time="0.107" /><testcase classname="backend.tests.test_refactor_regression.TestRatingRoutes" name="test_get_job_ratings_requires_auth" time="0.110" /><testcase classname="backend.tests.test_refactor_regression.TestRatingRoutes" name="test_get_job_ratings_invalid_job" time="0.104" /><testcase classname="backend.tests.test_refactor_regression.TestRatingRoutes" name="test_get_job_ratings_with_real_job" time="0.221" /><testcase classname="backend.tests.test_refactor_regression.TestRatingRoutes" name="test_rate_user_not_on_job" time="0.147" /><testcase classname="backend.tests.test_refactor_regression.TestRatingRoutes" name="test_rate_user_not_participant" time="0.120"><skipped type="pytest.skip" message="No completed/past jobs available">/app/backend/tests/test_refactor_regression.py:137: No completed/past jobs available</skipped></testcase><testcase classname="backend.tests.test_refactor_regression.TestUsers" name="test_get_profile_crew" time="0.118" /><testcase classname="backend.tests.test_refactor_regression.TestUsers" name="test_get_profile_contractor" time="0.165" /></testsuite></testsuites>