<?xml version="1.0" encoding="utf-8"?><testsuites name="pytest tests"><testsuite name="pytest" errors="0" failures="0" skipped="0" tests="7" time="2.240" timestamp="2026-04-15T01:32:05.702218+00:00" hostname="agent-env-0b8d2932-6627-4df2-ad7e-07967b5324b4"><testcase classname="backend.tests.test_p1_features.TestJobAssignmentsEndpoint" name="test_admin_can_get_assignments" time="0.666" /><testcase classname="backend.tests.test_p1_features.TestJobAssignmentsEndpoint" name="test_crew_cannot_get_unowned_job_assignments" time="0.524" /><testcase classname="backend.tests.test_p1_features.TestJobAssignmentsEndpoint" name="test_invalid_job_id_returns_404" time="0.141" /><testcase classname="backend.tests.test_p1_features.TestJobAssignmentsEndpoint" name="test_unauthenticated_returns_401" time="0.124" /><testcase classname="backend.tests.test_p1_features.TestRegisterAfterRefactor" name="test_register_new_user_returns_token" time="0.381" /><testcase classname="backend.tests.test_p1_features.TestRegisterAfterRefactor" name="test_register_duplicate_email_returns_error" time="0.145" /><testcase classname="backend.tests.test_p1_features.TestAdminAnalytics" name="test_analytics_fields" time="0.194" /></testsuite></testsuites>