<?xml version="1.0" encoding="utf-8"?><testsuites name="pytest tests"><testsuite name="pytest" errors="0" failures="0" skipped="0" tests="10" time="2.056" timestamp="2026-04-15T02:20:38.246634+00:00" hostname="agent-env-0b8d2932-6627-4df2-ad7e-07967b5324b4"><testcase classname="backend.tests.test_push_gps_features" name="test_vapid_public_key" time="0.901" /><testcase classname="backend.tests.test_push_gps_features" name="test_subscribe_requires_auth" time="0.121" /><testcase classname="backend.tests.test_push_gps_features" name="test_subscribe_with_auth" time="0.117" /><testcase classname="backend.tests.test_push_gps_features" name="test_push_test_with_auth" time="0.107" /><testcase classname="backend.tests.test_push_gps_features" name="test_push_test_requires_auth" time="0.107" /><testcase classname="backend.tests.test_push_gps_features" name="test_jobs_with_lat_lng_returns_distance" time="0.103" /><testcase classname="backend.tests.test_push_gps_features" name="test_jobs_without_lat_lng_no_distance" time="0.151" /><testcase classname="backend.tests.test_push_gps_features" name="test_jobs_with_atlanta_coords" time="0.141" /><testcase classname="backend.tests.test_push_gps_features" name="test_manifest_json_accessible" time="0.106" /><testcase classname="backend.tests.test_push_gps_features" name="test_sw_js_accessible" time="0.134" /></testsuite></testsuites>