<?xml version="1.0" encoding="utf-8"?><testsuites name="pytest tests"><testsuite name="pytest" errors="0" failures="0" skipped="0" tests="7" time="2.356" timestamp="2026-04-15T01:12:50.711168+00:00" hostname="agent-env-0b8d2932-6627-4df2-ad7e-07967b5324b4"><testcase classname="backend.tests.test_refactor_regression.TestAdminAnalytics" name="test_analytics_returns_200" time="0.583" /><testcase classname="backend.tests.test_refactor_regression.TestAdminAnalytics" name="test_analytics_has_required_fields" time="0.117" /><testcase classname="backend.tests.test_refactor_regression.TestAdminAnalytics" name="test_analytics_field_types" time="0.164" /><testcase classname="backend.tests.test_refactor_regression.TestItineraryAPI" name="test_crew_itinerary_returns_200" time="0.482" /><testcase classname="backend.tests.test_refactor_regression.TestItineraryAPI" name="test_crew_itinerary_returns_list" time="0.151" /><testcase classname="backend.tests.test_refactor_regression.TestItineraryAPI" name="test_contractor_itinerary_returns_200" time="0.532" /><testcase classname="backend.tests.test_refactor_regression.TestItineraryAPI" name="test_contractor_itinerary_returns_list" time="0.186" /></testsuite></testsuites>